0 info it worked if it ends with ok
1 verbose cli [ '/opt/local/bin/node',
1 verbose cli   '/opt/local/bin/npm',
1 verbose cli   'run',
1 verbose cli   'sync-prod' ]
2 info using npm@4.0.0
3 info using node@v4.8.1
4 verbose run-script [ 'presync-prod', 'sync-prod', 'postsync-prod' ]
5 info lifecycle statster@1.0.0~presync-prod: statster@1.0.0
6 silly lifecycle statster@1.0.0~presync-prod: no script for presync-prod, continuing
7 info lifecycle statster@1.0.0~sync-prod: statster@1.0.0
8 verbose lifecycle statster@1.0.0~sync-prod: unsafe-perm in lifecycle true
9 verbose lifecycle statster@1.0.0~sync-prod: PATH: /opt/local/lib/node_modules/npm/bin/node-gyp-bin:/Users/teelmo/Repositories/statster/statster/node_modules/.bin:/opt/local/bin:/opt/local/sbin:/opt/local/bin:/opt/local/sbin:/usr/local/bin:/usr/bin:/bin:/usr/sbin:/sbin:/Users/teelmo/Repositories/yle-aws-tools/bin:/opt/local/lib/mysql56/bin/
10 verbose lifecycle statster@1.0.0~sync-prod: CWD: /Users/teelmo/Repositories/statster/statster
11 silly lifecycle statster@1.0.0~sync-prod: Args: [ '-c', 'ssh teelmo@saksa git -C /home/statster/statster pull' ]
12 silly lifecycle statster@1.0.0~sync-prod: Returned: code: 255  signal: null
13 info lifecycle statster@1.0.0~sync-prod: Failed to exec sync-prod script
14 verbose stack Error: statster@1.0.0 sync-prod: `ssh teelmo@saksa git -C /home/statster/statster pull`
14 verbose stack Exit status 255
14 verbose stack     at EventEmitter.<anonymous> (/opt/local/lib/node_modules/npm/lib/utils/lifecycle.js:277:16)
14 verbose stack     at emitTwo (events.js:87:13)
14 verbose stack     at EventEmitter.emit (events.js:172:7)
14 verbose stack     at ChildProcess.<anonymous> (/opt/local/lib/node_modules/npm/lib/utils/spawn.js:40:14)
14 verbose stack     at emitTwo (events.js:87:13)
14 verbose stack     at ChildProcess.emit (events.js:172:7)
14 verbose stack     at maybeClose (internal/child_process.js:862:16)
14 verbose stack     at Process.ChildProcess._handle.onexit (internal/child_process.js:222:5)
15 verbose pkgid statster@1.0.0
16 verbose cwd /Users/teelmo/Repositories/statster/statster
17 error Darwin 15.6.0
18 error argv "/opt/local/bin/node" "/opt/local/bin/npm" "run" "sync-prod"
19 error node v4.8.1
20 error npm  v4.0.0
21 error code ELIFECYCLE
22 error statster@1.0.0 sync-prod: `ssh teelmo@saksa git -C /home/statster/statster pull`
22 error Exit status 255
23 error Failed at the statster@1.0.0 sync-prod script 'ssh teelmo@saksa git -C /home/statster/statster pull'.
23 error Make sure you have the latest version of node.js and npm installed.
23 error If you do, this is most likely a problem with the statster package,
23 error not with npm itself.
23 error Tell the author that this fails on your system:
23 error     ssh teelmo@saksa git -C /home/statster/statster pull
23 error You can get information on how to open an issue for this project with:
23 error     npm bugs statster
23 error Or if that isn't available, you can get their info via:
23 error     npm owner ls statster
23 error There is likely additional logging output above.
24 verbose exit [ 1, true ]
